This file contains any messages produced by compilers while
running configure, to aid debugging if configure makes a mistake.

It was created by nap configure 0.1.0, which was
generated by GNU Autoconf 2.69.  Invocation command line was

  $ ./configure 

## --------- ##
## Platform. ##
## --------- ##

hostname = kw-cassandra
uname -m = x86_64
uname -r = 3.15.5-1-ck
uname -s = Linux
uname -v = #1 SMP PREEMPT Wed Jul 9 18:01:32 EDT 2014

/usr/bin/uname -p = unknown
/bin/uname -X     = unknown

/bin/arch              = unknown
/usr/bin/arch -k       = unknown
/usr/convex/getsysinfo = unknown
/usr/bin/hostinfo      = unknown
/bin/machine           = unknown
/usr/bin/oslevel       = unknown
/bin/universe          = unknown

PATH: /opt/kwscripts
PATH: /usr/local/heroku/bin
PATH: /home/kwpolska/.local/bin
PATH: /home/kwpolska/bin
PATH: /usr/local/bin
PATH: /usr/bin
PATH: /usr/local/sbin
PATH: /bin
PATH: /sbin
PATH: /usr/sbin
PATH: /usr/bin/vendor_perl
PATH: /usr/bin/core_perl
PATH: /usr/lib/qt4/bin


## ----------- ##
## Core tests. ##
## ----------- ##

configure:2074: checking for a BSD-compatible install
configure:2142: result: /usr/bin/install -c
configure:2153: checking whether build environment is sane
configure:2208: result: yes
configure:2359: checking for a thread-safe mkdir -p
configure:2398: result: /usr/bin/mkdir -p
configure:2405: checking for gawk
configure:2421: found /usr/bin/gawk
configure:2432: result: gawk
configure:2443: checking whether make sets $(MAKE)
configure:2465: result: yes
configure:2494: checking whether make supports nested variables
configure:2511: result: yes
configure:2648: checking for style of include used by make
configure:2676: result: GNU
configure:2747: checking for gcc
configure:2763: found /usr/bin/gcc
configure:2774: result: gcc
configure:3003: checking for C compiler version
configure:3012: gcc --version >&5
gcc (GCC) 4.9.0 20140604 (prerelease)
Copyright (C) 2014 Free Software Foundation, Inc.
This is free software; see the source for copying conditions.  There is NO
warranty; not even for MERCHANTABILITY or FITNESS FOR A PARTICULAR PURPOSE.

configure:3023: $? = 0
configure:3012: gcc -v >&5
Using built-in specs.
COLLECT_GCC=gcc
COLLECT_LTO_WRAPPER=/usr/lib/gcc/x86_64-unknown-linux-gnu/4.9.0/lto-wrapper
Target: x86_64-unknown-linux-gnu
Configured with: /build/gcc/src/gcc-4.9-20140604/configure --prefix=/usr --libdir=/usr/lib --libexecdir=/usr/lib --mandir=/usr/share/man --infodir=/usr/share/info --with-bugurl=https://bugs.archlinux.org/ --enable-languages=c,c++,ada,fortran,go,lto,objc,obj-c++ --enable-shared --enable-threads=posix --with-system-zlib --enable-__cxa_atexit --disable-libunwind-exceptions --enable-clocale=gnu --disable-libstdcxx-pch --disable-libssp --enable-gnu-unique-object --enable-linker-build-id --enable-cloog-backend=isl --disable-isl-version-check --disable-cloog-version-check --enable-lto --enable-plugin --enable-install-libiberty --with-linker-hash-style=gnu --disable-multilib --disable-werror --enable-checking=release
Thread model: posix
gcc version 4.9.0 20140604 (prerelease) (GCC) 
configure:3023: $? = 0
configure:3012: gcc -V >&5
gcc: error: unrecognized command line option '-V'
gcc: fatal error: no input files
compilation terminated.
configure:3023: $? = 1
configure:3012: gcc -qversion >&5
gcc: error: unrecognized command line option '-qversion'
gcc: fatal error: no input files
compilation terminated.
configure:3023: $? = 1
configure:3043: checking whether the C compiler works
configure:3065: gcc    conftest.c  >&5
configure:3069: $? = 0
configure:3117: result: yes
configure:3120: checking for C compiler default output file name
configure:3122: result: a.out
configure:3128: checking for suffix of executables
configure:3135: gcc -o conftest    conftest.c  >&5
configure:3139: $? = 0
configure:3161: result: 
configure:3183: checking whether we are cross compiling
configure:3191: gcc -o conftest    conftest.c  >&5
configure:3195: $? = 0
configure:3202: ./conftest
configure:3206: $? = 0
configure:3221: result: no
configure:3226: checking for suffix of object files
configure:3248: gcc -c   conftest.c >&5
configure:3252: $? = 0
configure:3273: result: o
configure:3277: checking whether we are using the GNU C compiler
configure:3296: gcc -c   conftest.c >&5
configure:3296: $? = 0
configure:3305: result: yes
configure:3314: checking whether gcc accepts -g
configure:3334: gcc -c -g  conftest.c >&5
configure:3334: $? = 0
configure:3375: result: yes
configure:3392: checking for gcc option to accept ISO C89
configure:3455: gcc  -c -g -O2  conftest.c >&5
configure:3455: $? = 0
configure:3468: result: none needed
configure:3493: checking whether gcc understands -c and -o together
configure:3515: gcc -c conftest.c -o conftest2.o
configure:3518: $? = 0
configure:3515: gcc -c conftest.c -o conftest2.o
configure:3518: $? = 0
configure:3530: result: yes
configure:3549: checking dependency style of gcc
configure:3660: result: gcc3
configure:3675: checking for gcc option to accept ISO C99
configure:3824: gcc  -c -g -O2  conftest.c >&5
conftest.c:61:29: error: expected ';', ',' or ')' before 'text'
 test_restrict (ccp restrict text)
                             ^
conftest.c: In function 'main':
conftest.c:115:18: error: expected '=', ',', ';', 'asm' or '__attribute__' before 'newvar'
   char *restrict newvar = "Another string";
                  ^
conftest.c:115:18: error: 'newvar' undeclared (first use in this function)
conftest.c:115:18: note: each undeclared identifier is reported only once for each function it appears in
conftest.c:125:3: error: 'for' loop initial declarations are only allowed in C99 or C11 mode
   for (int i = 0; i < ia->datasize; ++i)
   ^
conftest.c:125:3: note: use option -std=c99, -std=gnu99, -std=c11 or -std=gnu11 to compile your code
configure:3824: $? = 1
configure: failed program was:
| /* confdefs.h */
| #define PACKAGE_NAME "nap"
| #define PACKAGE_TARNAME "nap"
| #define PACKAGE_VERSION "0.1.0"
| #define PACKAGE_STRING "nap 0.1.0"
| #define PACKAGE_BUGREPORT "chris@chriswarrick.com"
| #define PACKAGE_URL ""
| #define PACKAGE "nap"
| #define VERSION "0.1.0"
| /* end confdefs.h.  */
| #include <stdarg.h>
| #include <stdbool.h>
| #include <stdlib.h>
| #include <wchar.h>
| #include <stdio.h>
| 
| // Check varargs macros.  These examples are taken from C99 6.10.3.5.
| #define debug(...) fprintf (stderr, __VA_ARGS__)
| #define showlist(...) puts (#__VA_ARGS__)
| #define report(test,...) ((test) ? puts (#test) : printf (__VA_ARGS__))
| static void
| test_varargs_macros (void)
| {
|   int x = 1234;
|   int y = 5678;
|   debug ("Flag");
|   debug ("X = %d\n", x);
|   showlist (The first, second, and third items.);
|   report (x>y, "x is %d but y is %d", x, y);
| }
| 
| // Check long long types.
| #define BIG64 18446744073709551615ull
| #define BIG32 4294967295ul
| #define BIG_OK (BIG64 / BIG32 == 4294967297ull && BIG64 % BIG32 == 0)
| #if !BIG_OK
|   your preprocessor is broken;
| #endif
| #if BIG_OK
| #else
|   your preprocessor is broken;
| #endif
| static long long int bignum = -9223372036854775807LL;
| static unsigned long long int ubignum = BIG64;
| 
| struct incomplete_array
| {
|   int datasize;
|   double data[];
| };
| 
| struct named_init {
|   int number;
|   const wchar_t *name;
|   double average;
| };
| 
| typedef const char *ccp;
| 
| static inline int
| test_restrict (ccp restrict text)
| {
|   // See if C++-style comments work.
|   // Iterate through items via the restricted pointer.
|   // Also check for declarations in for loops.
|   for (unsigned int i = 0; *(text+i) != '\0'; ++i)
|     continue;
|   return 0;
| }
| 
| // Check varargs and va_copy.
| static void
| test_varargs (const char *format, ...)
| {
|   va_list args;
|   va_start (args, format);
|   va_list args_copy;
|   va_copy (args_copy, args);
| 
|   const char *str;
|   int number;
|   float fnumber;
| 
|   while (*format)
|     {
|       switch (*format++)
| 	{
| 	case 's': // string
| 	  str = va_arg (args_copy, const char *);
| 	  break;
| 	case 'd': // int
| 	  number = va_arg (args_copy, int);
| 	  break;
| 	case 'f': // float
| 	  fnumber = va_arg (args_copy, double);
| 	  break;
| 	default:
| 	  break;
| 	}
|     }
|   va_end (args_copy);
|   va_end (args);
| }
| 
| int
| main ()
| {
| 
|   // Check bool.
|   _Bool success = false;
| 
|   // Check restrict.
|   if (test_restrict ("String literal") == 0)
|     success = true;
|   char *restrict newvar = "Another string";
| 
|   // Check varargs.
|   test_varargs ("s, d' f .", "string", 65, 34.234);
|   test_varargs_macros ();
| 
|   // Check flexible array members.
|   struct incomplete_array *ia =
|     malloc (sizeof (struct incomplete_array) + (sizeof (double) * 10));
|   ia->datasize = 10;
|   for (int i = 0; i < ia->datasize; ++i)
|     ia->data[i] = i * 1.234;
| 
|   // Check named initializers.
|   struct named_init ni = {
|     .number = 34,
|     .name = L"Test wide string",
|     .average = 543.34343,
|   };
| 
|   ni.number = 58;
| 
|   int dynamic_array[ni.number];
|   dynamic_array[ni.number - 1] = 543;
| 
|   // work around unused variable warnings
|   return (!success || bignum == 0LL || ubignum == 0uLL || newvar[0] == 'x'
| 	  || dynamic_array[ni.number - 1] != 543);
| 
|   ;
|   return 0;
| }
configure:3824: gcc -std=gnu99 -c -g -O2  conftest.c >&5
configure:3824: $? = 0
configure:3844: result: -std=gnu99
configure:3864: checking how to run the C preprocessor
configure:3895: gcc -std=gnu99 -E  conftest.c
configure:3895: $? = 0
configure:3909: gcc -std=gnu99 -E  conftest.c
conftest.c:11:28: fatal error: ac_nonexistent.h: No such file or directory
 #include <ac_nonexistent.h>
                            ^
compilation terminated.
configure:3909: $? = 1
configure: failed program was:
| /* confdefs.h */
| #define PACKAGE_NAME "nap"
| #define PACKAGE_TARNAME "nap"
| #define PACKAGE_VERSION "0.1.0"
| #define PACKAGE_STRING "nap 0.1.0"
| #define PACKAGE_BUGREPORT "chris@chriswarrick.com"
| #define PACKAGE_URL ""
| #define PACKAGE "nap"
| #define VERSION "0.1.0"
| /* end confdefs.h.  */
| #include <ac_nonexistent.h>
configure:3934: result: gcc -std=gnu99 -E
configure:3954: gcc -std=gnu99 -E  conftest.c
configure:3954: $? = 0
configure:3968: gcc -std=gnu99 -E  conftest.c
conftest.c:11:28: fatal error: ac_nonexistent.h: No such file or directory
 #include <ac_nonexistent.h>
                            ^
compilation terminated.
configure:3968: $? = 1
configure: failed program was:
| /* confdefs.h */
| #define PACKAGE_NAME "nap"
| #define PACKAGE_TARNAME "nap"
| #define PACKAGE_VERSION "0.1.0"
| #define PACKAGE_STRING "nap 0.1.0"
| #define PACKAGE_BUGREPORT "chris@chriswarrick.com"
| #define PACKAGE_URL ""
| #define PACKAGE "nap"
| #define VERSION "0.1.0"
| /* end confdefs.h.  */
| #include <ac_nonexistent.h>
configure:3997: checking for grep that handles long lines and -e
configure:4055: result: /usr/bin/grep
configure:4060: checking for egrep
configure:4122: result: /usr/bin/grep -E
configure:4127: checking for ANSI C header files
configure:4147: gcc -std=gnu99 -c -g -O2  conftest.c >&5
configure:4147: $? = 0
configure:4220: gcc -std=gnu99 -o conftest -g -O2   conftest.c  >&5
configure:4220: $? = 0
configure:4220: ./conftest
configure:4220: $? = 0
configure:4231: result: yes
configure:4244: checking for sys/types.h
configure:4244: gcc -std=gnu99 -c -g -O2  conftest.c >&5
configure:4244: $? = 0
configure:4244: result: yes
configure:4244: checking for sys/stat.h
configure:4244: gcc -std=gnu99 -c -g -O2  conftest.c >&5
configure:4244: $? = 0
configure:4244: result: yes
configure:4244: checking for stdlib.h
configure:4244: gcc -std=gnu99 -c -g -O2  conftest.c >&5
configure:4244: $? = 0
configure:4244: result: yes
configure:4244: checking for string.h
configure:4244: gcc -std=gnu99 -c -g -O2  conftest.c >&5
configure:4244: $? = 0
configure:4244: result: yes
configure:4244: checking for memory.h
configure:4244: gcc -std=gnu99 -c -g -O2  conftest.c >&5
configure:4244: $? = 0
configure:4244: result: yes
configure:4244: checking for strings.h
configure:4244: gcc -std=gnu99 -c -g -O2  conftest.c >&5
configure:4244: $? = 0
configure:4244: result: yes
configure:4244: checking for inttypes.h
configure:4244: gcc -std=gnu99 -c -g -O2  conftest.c >&5
configure:4244: $? = 0
configure:4244: result: yes
configure:4244: checking for stdint.h
configure:4244: gcc -std=gnu99 -c -g -O2  conftest.c >&5
configure:4244: $? = 0
configure:4244: result: yes
configure:4244: checking for unistd.h
configure:4244: gcc -std=gnu99 -c -g -O2  conftest.c >&5
configure:4244: $? = 0
configure:4244: result: yes
configure:4259: checking ctype.h usability
configure:4259: gcc -std=gnu99 -c -g -O2  conftest.c >&5
configure:4259: $? = 0
configure:4259: result: yes
configure:4259: checking ctype.h presence
configure:4259: gcc -std=gnu99 -E  conftest.c
configure:4259: $? = 0
configure:4259: result: yes
configure:4259: checking for ctype.h
configure:4259: result: yes
configure:4259: checking math.h usability
configure:4259: gcc -std=gnu99 -c -g -O2  conftest.c >&5
configure:4259: $? = 0
configure:4259: result: yes
configure:4259: checking math.h presence
configure:4259: gcc -std=gnu99 -E  conftest.c
configure:4259: $? = 0
configure:4259: result: yes
configure:4259: checking for math.h
configure:4259: result: yes
configure:4259: checking stdio.h usability
configure:4259: gcc -std=gnu99 -c -g -O2  conftest.c >&5
configure:4259: $? = 0
configure:4259: result: yes
configure:4259: checking stdio.h presence
configure:4259: gcc -std=gnu99 -E  conftest.c
configure:4259: $? = 0
configure:4259: result: yes
configure:4259: checking for stdio.h
configure:4259: result: yes
configure:4259: checking for stdlib.h
configure:4259: result: yes
configure:4259: checking for string.h
configure:4259: result: yes
configure:4259: checking sys/ioctl.h usability
configure:4259: gcc -std=gnu99 -c -g -O2  conftest.c >&5
configure:4259: $? = 0
configure:4259: result: yes
configure:4259: checking sys/ioctl.h presence
configure:4259: gcc -std=gnu99 -E  conftest.c
configure:4259: $? = 0
configure:4259: result: yes
configure:4259: checking for sys/ioctl.h
configure:4259: result: yes
configure:4259: checking time.h usability
configure:4259: gcc -std=gnu99 -c -g -O2  conftest.c >&5
configure:4259: $? = 0
configure:4259: result: yes
configure:4259: checking time.h presence
configure:4259: gcc -std=gnu99 -E  conftest.c
configure:4259: $? = 0
configure:4259: result: yes
configure:4259: checking for time.h
configure:4259: result: yes
configure:4259: checking for unistd.h
configure:4259: result: yes
configure:4382: checking that generated files are newer than configure
configure:4388: result: done
configure:4411: creating ./config.status

## ---------------------- ##
## Running config.status. ##
## ---------------------- ##

This file was extended by nap config.status 0.1.0, which was
generated by GNU Autoconf 2.69.  Invocation command line was

  CONFIG_FILES    = 
  CONFIG_HEADERS  = 
  CONFIG_LINKS    = 
  CONFIG_COMMANDS = 
  $ ./config.status 

on kw-cassandra

config.status:861: creating Makefile
config.status:861: creating src/Makefile
config.status:861: creating config.h
config.status:1042: config.h is unchanged
config.status:1090: executing depfiles commands

## ---------------- ##
## Cache variables. ##
## ---------------- ##

ac_cv_c_compiler_gnu=yes
ac_cv_env_CC_set=
ac_cv_env_CC_value=
ac_cv_env_CFLAGS_set=
ac_cv_env_CFLAGS_value=
ac_cv_env_CPPFLAGS_set=
ac_cv_env_CPPFLAGS_value=
ac_cv_env_CPP_set=
ac_cv_env_CPP_value=
ac_cv_env_LDFLAGS_set=
ac_cv_env_LDFLAGS_value=
ac_cv_env_LIBS_set=
ac_cv_env_LIBS_value=
ac_cv_env_build_alias_set=
ac_cv_env_build_alias_value=
ac_cv_env_host_alias_set=
ac_cv_env_host_alias_value=
ac_cv_env_target_alias_set=
ac_cv_env_target_alias_value=
ac_cv_header_ctype_h=yes
ac_cv_header_inttypes_h=yes
ac_cv_header_math_h=yes
ac_cv_header_memory_h=yes
ac_cv_header_stdc=yes
ac_cv_header_stdint_h=yes
ac_cv_header_stdio_h=yes
ac_cv_header_stdlib_h=yes
ac_cv_header_string_h=yes
ac_cv_header_strings_h=yes
ac_cv_header_sys_ioctl_h=yes
ac_cv_header_sys_stat_h=yes
ac_cv_header_sys_types_h=yes
ac_cv_header_time_h=yes
ac_cv_header_unistd_h=yes
ac_cv_objext=o
ac_cv_path_EGREP='/usr/bin/grep -E'
ac_cv_path_GREP=/usr/bin/grep
ac_cv_path_install='/usr/bin/install -c'
ac_cv_path_mkdir=/usr/bin/mkdir
ac_cv_prog_AWK=gawk
ac_cv_prog_CPP='gcc -std=gnu99 -E'
ac_cv_prog_ac_ct_CC=gcc
ac_cv_prog_cc_c89=
ac_cv_prog_cc_c99=-std=gnu99
ac_cv_prog_cc_g=yes
ac_cv_prog_make_make_set=yes
am_cv_CC_dependencies_compiler_type=gcc3
am_cv_make_support_nested_variables=yes
am_cv_prog_cc_c_o=yes

## ----------------- ##
## Output variables. ##
## ----------------- ##

ACLOCAL='${SHELL} /home/kwpolska/git/nap/missing aclocal-1.14'
AMDEPBACKSLASH='\'
AMDEP_FALSE='#'
AMDEP_TRUE=''
AMTAR='$${TAR-tar}'
AM_BACKSLASH='\'
AM_DEFAULT_V='$(AM_DEFAULT_VERBOSITY)'
AM_DEFAULT_VERBOSITY='1'
AM_V='$(V)'
AUTOCONF='${SHELL} /home/kwpolska/git/nap/missing autoconf'
AUTOHEADER='${SHELL} /home/kwpolska/git/nap/missing autoheader'
AUTOMAKE='${SHELL} /home/kwpolska/git/nap/missing automake-1.14'
AWK='gawk'
CC='gcc -std=gnu99'
CCDEPMODE='depmode=gcc3'
CFLAGS='-g -O2'
CPP='gcc -std=gnu99 -E'
CPPFLAGS=''
CYGPATH_W='echo'
DEFS='-DHAVE_CONFIG_H'
DEPDIR='.deps'
ECHO_C=''
ECHO_N='-n'
ECHO_T=''
EGREP='/usr/bin/grep -E'
EXEEXT=''
GREP='/usr/bin/grep'
INSTALL_DATA='${INSTALL} -m 644'
INSTALL_PROGRAM='${INSTALL}'
INSTALL_SCRIPT='${INSTALL}'
INSTALL_STRIP_PROGRAM='$(install_sh) -c -s'
LDFLAGS=''
LIBOBJS=''
LIBS=''
LTLIBOBJS=''
MAKEINFO='${SHELL} /home/kwpolska/git/nap/missing makeinfo'
MKDIR_P='/usr/bin/mkdir -p'
OBJEXT='o'
PACKAGE='nap'
PACKAGE_BUGREPORT='chris@chriswarrick.com'
PACKAGE_NAME='nap'
PACKAGE_STRING='nap 0.1.0'
PACKAGE_TARNAME='nap'
PACKAGE_URL=''
PACKAGE_VERSION='0.1.0'
PATH_SEPARATOR=':'
SET_MAKE=''
SHELL='/bin/sh'
STRIP=''
VERSION='0.1.0'
ac_ct_CC='gcc'
am__EXEEXT_FALSE=''
am__EXEEXT_TRUE='#'
am__fastdepCC_FALSE='#'
am__fastdepCC_TRUE=''
am__include='include'
am__isrc=''
am__leading_dot='.'
am__nodep='_no'
am__quote=''
am__tar='$${TAR-tar} chof - "$$tardir"'
am__untar='$${TAR-tar} xf -'
bindir='${exec_prefix}/bin'
build_alias=''
datadir='${datarootdir}'
datarootdir='${prefix}/share'
docdir='${datarootdir}/doc/${PACKAGE_TARNAME}'
dvidir='${docdir}'
exec_prefix='${prefix}'
host_alias=''
htmldir='${docdir}'
includedir='${prefix}/include'
infodir='${datarootdir}/info'
install_sh='${SHELL} /home/kwpolska/git/nap/install-sh'
libdir='${exec_prefix}/lib'
libexecdir='${exec_prefix}/libexec'
localedir='${datarootdir}/locale'
localstatedir='${prefix}/var'
mandir='${datarootdir}/man'
mkdir_p='$(MKDIR_P)'
oldincludedir='/usr/include'
pdfdir='${docdir}'
prefix='/usr/local'
program_transform_name='s,x,x,'
psdir='${docdir}'
sbindir='${exec_prefix}/sbin'
sharedstatedir='${prefix}/com'
sysconfdir='${prefix}/etc'
target_alias=''

## ----------- ##
## confdefs.h. ##
## ----------- ##

/* confdefs.h */
#define PACKAGE_NAME "nap"
#define PACKAGE_TARNAME "nap"
#define PACKAGE_VERSION "0.1.0"
#define PACKAGE_STRING "nap 0.1.0"
#define PACKAGE_BUGREPORT "chris@chriswarrick.com"
#define PACKAGE_URL ""
#define PACKAGE "nap"
#define VERSION "0.1.0"
#define STDC_HEADERS 1
#define HAVE_SYS_TYPES_H 1
#define HAVE_SYS_STAT_H 1
#define HAVE_STDLIB_H 1
#define HAVE_STRING_H 1
#define HAVE_MEMORY_H 1
#define HAVE_STRINGS_H 1
#define HAVE_INTTYPES_H 1
#define HAVE_STDINT_H 1
#define HAVE_UNISTD_H 1
#define HAVE_CTYPE_H 1
#define HAVE_MATH_H 1
#define HAVE_STDIO_H 1
#define HAVE_STDLIB_H 1
#define HAVE_STRING_H 1
#define HAVE_SYS_IOCTL_H 1
#define HAVE_TIME_H 1
#define HAVE_UNISTD_H 1

configure: exit 0

## ---------------------- ##
## Running config.status. ##
## ---------------------- ##

This file was extended by nap config.status 0.1.0, which was
generated by GNU Autoconf 2.69.  Invocation command line was

  CONFIG_FILES    = 
  CONFIG_HEADERS  = 
  CONFIG_LINKS    = 
  CONFIG_COMMANDS = 
  $ ./config.status src/Makefile depfiles

on kw-cassandra

config.status:861: creating src/Makefile
config.status:1090: executing depfiles commands

## ---------------------- ##
## Running config.status. ##
## ---------------------- ##

This file was extended by nap config.status 0.1.0, which was
generated by GNU Autoconf 2.69.  Invocation command line was

  CONFIG_FILES    = 
  CONFIG_HEADERS  = 
  CONFIG_LINKS    = 
  CONFIG_COMMANDS = 
  $ ./config.status src/Makefile depfiles

on kw-cassandra

config.status:861: creating src/Makefile
config.status:1090: executing depfiles commands
